v-sweep,v(vs),v(vg),v(vd),i(v.xdut.v1),i(v.xdut.v2),i(v.xdut.v3),id1,id2,id3,vsg,vsd,gm1,gm2,gm3
0.0,1.8,1.8,0.0,6.36247e-06,-1.44715e-05,2.68536e-05,6.36247,-14.4715,26.8536,0.0,1.8,,,
0.01,1.8,1.79,0.0,7.45473e-07,1.48803e-06,2.68473e-06,0.7454729999999999,1.48803,2.68473,0.010000000000000009,1.8,-561.6996999999996,1595.9529999999986,-2416.886999999998
0.02,1.8,1.78,0.0,7.28742e-07,1.64807e-06,2.47768e-06,0.728742,1.64807,2.47768,0.020000000000000018,1.8,-1.6730999999999925,16.00399999999998,-20.705
0.03,1.8,1.77,0.0,7.25517e-07,1.64951e-06,2.47552e-06,0.7255170000000001,1.6495099999999998,2.47552,0.030000000000000027,1.8,-0.32249999999999196,0.14399999999998844,-0.21599999999999378
0.04,1.8,1.76,0.0,7.22246e-07,1.64969e-06,2.47572e-06,0.722246,1.64969,2.47572,0.040000000000000036,1.8,-0.3271000000000021,0.018000000000029086,0.01999999999999778
0.05,1.8,1.75,0.0,7.1887e-07,1.64985e-06,2.47594e-06,0.71887,1.64985,2.47594,0.050000000000000044,1.8,-0.3376000000000043,0.015999999999993783,0.02200000000001088
0.06,1.8,1.74,0.0,7.15396e-07,1.64998e-06,2.47616e-06,0.7153959999999999,1.64998,2.4761599999999997,0.06000000000000005,1.8,-0.3474000000000085,0.012999999999996336,0.02199999999996647
0.07,1.8,1.73,0.0,7.10523e-07,1.64859e-06,2.47531e-06,0.710523,1.64859,2.47531,0.07000000000000006,1.8,-0.4872999999999901,-0.13900000000000012,-0.08499999999997947
0.08,1.8,1.72,0.0,7.06888e-07,1.64867e-06,2.47548e-06,0.7068880000000001,1.64867,2.47548,0.08000000000000007,1.8,-0.36349999999999405,0.008000000000007994,0.01700000000002254
0.09,1.8,1.71,0.0,7.03173e-07,1.64871e-06,2.47566e-06,0.703173,1.6487100000000001,2.47566,0.09000000000000008,1.8,-0.37150000000000205,0.004000000000003997,0.017999999999984678
0.1,1.8,1.7,0.0,6.9938e-07,1.64871e-06,2.47583e-06,0.69938,1.6487100000000001,2.47583,0.10000000000000009,1.8,-0.3793000000000043,0.0,0.01700000000002254
0.11,1.8,1.69,0.0,6.95514e-07,1.64867e-06,2.47598e-06,0.695514,1.64867,2.47598,0.1100000000000001,1.8,-0.3866000000000033,-0.004000000000003997,0.014999999999965027
0.12,1.8,1.68,0.0,6.91577e-07,1.64858e-06,2.4761e-06,0.691577,1.6485800000000002,2.4760999999999997,0.1200000000000001,1.8,-0.3936999999999965,-0.008999999999992339,0.011999999999989786
0.13,1.8,1.67,0.0,6.87575e-07,1.64844e-06,2.47621e-06,0.687575,1.64844,2.47621,0.13000000000000012,1.8,-0.40019999999999467,-0.014000000000025091,0.011000000000027644
0.14,1.8,1.66,0.0,6.83508e-07,1.64824e-06,2.47628e-06,0.683508,1.64824,2.47628,0.14000000000000012,1.8,-0.4067000000000039,-0.01999999999999778,0.0070000000000014434
0.15,1.8,1.65,0.0,6.79381e-07,1.64798e-06,2.47632e-06,0.679381,1.64798,2.47632,0.15000000000000013,1.8,-0.4126999999999988,-0.02599999999999267,0.003999999999981792
0.16,1.8,1.64,0.0,6.75194e-07,1.64766e-06,2.47633e-06,0.675194,1.6476600000000001,2.47633,0.16000000000000014,1.8,-0.4187000000000048,-0.031999999999987566,0.0010000000000065503
0.17,1.8,1.63,0.0,6.70949e-07,1.64727e-06,2.4763e-06,0.670949,1.6472699999999998,2.4762999999999997,0.17000000000000015,1.8,-0.42449999999999394,-0.03900000000003342,-0.003000000000019651
0.18,1.8,1.62,0.0,6.66648e-07,1.6468e-06,2.47621e-06,0.6666479999999999,1.6468,2.47621,0.17999999999999994,1.8,-0.4301000000000202,-0.04699999999997584,-0.008999999999970336
0.19,1.8,1.61,0.0,6.62292e-07,1.64627e-06,2.47608e-06,0.662292,1.6462700000000001,2.47608,0.18999999999999995,1.8,-0.43559999999999116,-0.052999999999991894,-0.012999999999996336
0.2,1.8,1.6,0.0,6.57881e-07,1.64565e-06,2.47589e-06,0.6578809999999999,1.64565,2.47589,0.19999999999999996,1.8,-0.441100000000005,-0.06200000000000644,-0.01899999999999123
0.21,1.8,1.59,0.0,6.53415e-07,1.64495e-06,2.47563e-06,0.653415,1.64495,2.47563,0.20999999999999996,1.8,-0.4465999999999966,-0.07000000000001444,-0.02599999999999267
0.22,1.8,1.58,0.0,6.48894e-07,1.64416e-06,2.47531e-06,0.648894,1.64416,2.47531,0.21999999999999997,1.8,-0.45209999999999934,-0.07899999999998457,-0.032000000000031975
0.23,1.8,1.57,0.0,6.44316e-07,1.64328e-06,2.47491e-06,0.644316,1.64328,2.47491,0.22999999999999998,1.8,-0.4577999999999967,-0.0879999999999991,-0.03999999999999556
0.24,1.8,1.56,0.0,6.39681e-07,1.64231e-06,2.47442e-06,0.6396809999999999,1.64231,2.4744200000000003,0.24,1.8,-0.4635000000000052,-0.09700000000001366,-0.048999999999965696
0.25,1.8,1.55,0.0,6.34988e-07,1.64123e-06,2.47384e-06,0.634988,1.64123,2.47384,0.25,1.8,-0.4692999999999943,-0.10799999999999689,-0.05800000000002465
0.26,1.8,1.54,0.0,6.30233e-07,1.64005e-06,2.47316e-06,0.6302329999999999,1.64005,2.47316,0.26,1.8,-0.47550000000000603,-0.11799999999999577,-0.06800000000000134
0.27,1.8,1.53,0.0,6.25415e-07,1.63876e-06,2.47238e-06,0.6254149999999999,1.63876,2.4723800000000002,0.27,1.8,-0.48179999999999845,-0.12900000000000122,-0.07799999999997802
0.28,1.8,1.52,0.0,6.2053e-07,1.63735e-06,2.47147e-06,0.62053,1.63735,2.47147,0.28,1.8,-0.4884999999999913,-0.140999999999991,-0.09100000000001876
0.29,1.8,1.51,0.0,6.15575e-07,1.63581e-06,2.47045e-06,0.615575,1.63581,2.47045,0.29000000000000004,1.8,-0.4955000000000038,-0.15400000000000955,-0.10200000000000199
0.3,1.8,1.5,0.0,6.10546e-07,1.63415e-06,2.46928e-06,0.610546,1.63415,2.46928,0.30000000000000004,1.8,-0.5028999999999946,-0.16599999999999934,-0.11700000000001144
0.31,1.8,1.49,0.0,6.05438e-07,1.63236e-06,2.46797e-06,0.605438,1.63236,2.4679699999999998,0.31000000000000005,1.8,-0.5107999999999997,-0.17899999999999566,-0.13100000000001433
0.32,1.8,1.48,0.0,6.00247e-07,1.63042e-06,2.4665e-06,0.600247,1.63042,2.4665,0.32000000000000006,1.8,-0.5191000000000052,-0.1940000000000051,-0.1469999999999859
0.33,1.8,1.47,0.0,5.94967e-07,1.62833e-06,2.46486e-06,0.5949669999999999,1.6283299999999998,2.4648600000000003,0.33000000000000007,1.8,-0.5280000000000058,-0.20900000000001454,-0.16399999999996404
0.34,1.8,1.46,0.0,5.89591e-07,1.62608e-06,2.46304e-06,0.589591,1.62608,2.46304,0.3400000000000001,1.8,-0.5375999999999932,-0.22499999999998613,-0.18200000000003752
0.35,1.8,1.45,0.0,5.84113e-07,1.62367e-06,2.46102e-06,0.584113,1.62367,2.46102,0.3500000000000001,1.8,-0.5477999999999978,-0.2410000000000021,-0.2019999999999909
0.36,1.8,1.44,0.0,5.78527e-07,1.62108e-06,2.4588e-06,0.5785269999999999,1.6210799999999999,2.4588,0.3600000000000001,1.8,-0.5586000000000086,-0.259000000000009,-0.22199999999998868
0.37,1.8,1.43,0.0,5.72823e-07,1.61831e-06,2.45636e-06,0.5728230000000001,1.6183100000000001,2.45636,0.3700000000000001,1.8,-0.5703999999999815,-0.2769999999999715,-0.24399999999999955
0.38,1.8,1.42,0.0,5.66994e-07,1.61535e-06,2.45368e-06,0.566994,1.6153499999999998,2.4536800000000003,0.3800000000000001,1.8,-0.5829000000000079,-0.2960000000000293,-0.26799999999997914
0.39,1.8,1.41,0.0,5.61031e-07,1.61217e-06,2.45075e-06,0.5610310000000001,1.61217,2.45075,0.3900000000000001,1.8,-0.5962999999999935,-0.3179999999999736,-0.29300000000000964
0.4,1.8,1.4,0.0,5.54925e-07,1.60879e-06,2.44756e-06,0.554925,1.6087900000000002,2.4475599999999997,0.40000000000000013,1.8,-0.610600000000005,-0.3379999999999936,-0.31900000000004675
0.41,1.8,1.39,0.0,5.48664e-07,1.60518e-06,2.44409e-06,0.548664,1.60518,2.44409,0.41000000000000014,1.8,-0.6260999999999955,-0.361000000000011,-0.34699999999996367
0.42,1.8,1.38,0.0,5.4224e-07,1.60133e-06,2.44031e-06,0.54224,1.60133,2.44031,0.42000000000000015,1.8,-0.642399999999998,-0.3850000000000128,-0.3779999999999891
0.43,1.8,1.37,0.0,5.35642e-07,1.59723e-06,2.43623e-06,0.535642,1.59723,2.43623,0.42999999999999994,1.8,-0.6598000000000245,-0.41000000000000797,-0.40800000000001707
0.44,1.8,1.36,0.0,5.28857e-07,1.59287e-06,2.43181e-06,0.528857,1.59287,2.43181,0.43999999999999995,1.8,-0.6784999999999924,-0.43599999999999156,-0.44200000000000866
0.45,1.8,1.35,0.0,5.21875e-07,1.58824e-06,2.42704e-06,0.521875,1.5882399999999999,2.42704,0.44999999999999996,1.8,-0.6982000000000037,-0.463000000000013,-0.47700000000001586
0.46,1.8,1.34,0.0,5.14685e-07,1.58332e-06,2.42191e-06,0.5146850000000001,1.58332,2.42191,0.45999999999999996,1.8,-0.7189999999999912,-0.4919999999999809,-0.5129999999999852
0.47,1.8,1.33,0.0,5.07273e-07,1.5781e-06,2.4164e-06,0.507273,1.5781,2.4164,0.47,1.8,-0.7412000000000079,-0.5219999999999998,-0.5510000000000121
0.48,1.8,1.32,0.0,4.99629e-07,1.57257e-06,2.4105e-06,0.499629,1.57257,2.4105,0.48,1.8,-0.7643999999999977,-0.553000000000003,-0.5900000000000011
0.49,1.8,1.31,0.0,4.91741e-07,1.56673e-06,2.40418e-06,0.491741,1.56673,2.40418,0.49,1.8,-0.7888,-0.5840000000000062,-0.6319999999999654
0.5,1.8,1.3,0.0,4.83599e-07,1.56055e-06,2.39743e-06,0.483599,1.56055,2.39743,0.5,1.8,-0.8141999999999975,-0.6179999999999847,-0.675000000000025
0.51,1.8,1.29,0.0,4.75192e-07,1.55403e-06,2.39024e-06,0.475192,1.55403,2.39024,0.51,1.8,-0.840699999999999,-0.6520000000000076,-0.7190000000000023
0.52,1.8,1.28,0.0,4.66511e-07,1.54716e-06,2.38261e-06,0.466511,1.5471599999999999,2.38261,0.52,1.8,-0.8680999999999987,-0.6870000000000148,-0.7629999999999797
0.53,1.8,1.27,0.0,4.57548e-07,1.53993e-06,2.37451e-06,0.457548,1.53993,2.3745100000000003,0.53,1.8,-0.8962999999999991,-0.7229999999999841,-0.8099999999999767
0.54,1.8,1.26,0.0,4.48297e-07,1.53235e-06,2.36595e-06,0.448297,1.53235,2.36595,0.54,1.8,-0.9251000000000001,-0.7579999999999913,-0.8560000000000115
0.55,1.8,1.25,0.0,4.38753e-07,1.5244e-06,2.35692e-06,0.438753,1.5244,2.35692,0.55,1.8,-0.9543999999999988,-0.7950000000000117,-0.9030000000000086
0.56,1.8,1.24,0.0,4.28916e-07,1.51609e-06,2.34742e-06,0.428916,1.51609,2.34742,0.56,1.8,-0.9836999999999976,-0.8310000000000032,-0.9500000000000055
0.57,1.8,1.23,0.0,4.18787e-07,1.50743e-06,2.33746e-06,0.41878699999999996,1.50743,2.3374599999999996,0.5700000000000001,1.8,-1.0129000000000046,-0.8659999999999882,-0.9960000000000404
0.58,1.8,1.22,0.0,4.08352e-07,1.49839e-06,2.32674e-06,0.408352,1.49839,2.32674,0.5800000000000001,1.8,-1.0434999999999963,-0.9039999999999929,-1.071999999999961
0.59,1.8,1.21,0.0,3.97658e-07,1.48906e-06,2.31591e-06,0.397658,1.48906,2.31591,0.5900000000000001,1.8,-1.0693999999999972,-0.9330000000000053,-1.0829999999999886
0.6,1.8,1.2,0.0,3.86723e-07,1.47946e-06,2.305e-06,0.386723,1.47946,2.305,0.6000000000000001,1.8,-1.093500000000002,-0.9600000000000044,-1.0909999999999966
0.61,1.8,1.19,0.0,3.75525e-07,1.46956e-06,2.2934e-06,0.375525,1.46956,2.2934,0.6100000000000001,1.8,-1.1197999999999977,-0.9900000000000011,-1.1600000000000044
0.62,1.8,1.18,0.0,3.6411e-07,1.45942e-06,2.28148e-06,0.36411,1.4594200000000002,2.28148,0.6200000000000001,1.8,-1.1414999999999997,-1.0139999999999807,-1.191999999999992
0.63,1.8,1.17,0.0,3.52513e-07,1.44909e-06,2.26931e-06,0.352513,1.44909,2.26931,0.6300000000000001,1.8,-1.1596999999999957,-1.0330000000000163,-1.2170000000000225
0.64,1.8,1.16,0.0,3.40774e-07,1.43864e-06,2.25694e-06,0.340774,1.43864,2.25694,0.6400000000000001,1.8,-1.1738999999999988,-1.0450000000000061,-1.236999999999976
0.65,1.8,1.15,0.0,3.28943e-07,1.42812e-06,2.24447e-06,0.328943,1.42812,2.2444699999999997,0.6500000000000001,1.8,-1.1831000000000025,-1.0519999999999854,-1.2470000000000414
0.66,1.8,1.14,0.0,3.17078e-07,1.41764e-06,2.232e-06,0.31707799999999997,1.41764,2.2319999999999998,0.6600000000000001,1.8,-1.1865000000000003,-1.0480000000000036,-1.246999999999997
0.67,1.8,1.13,0.0,3.05247e-07,1.40727e-06,2.21964e-06,0.305247,1.40727,2.21964,0.6700000000000002,1.8,-1.183099999999997,-1.0369999999999981,-1.2359999999999693
0.68,1.8,1.12,0.0,2.93528e-07,1.39713e-06,2.20753e-06,0.293528,1.39713,2.20753,0.6799999999999999,1.8,-1.171900000000023,-1.0140000000000253,-1.21100000000001
0.69,1.8,1.11,0.0,2.82007e-07,1.38735e-06,2.19582e-06,0.282007,1.3873499999999999,2.19582,0.69,1.8,-1.1520999999999992,-0.9780000000000113,-1.171000000000032
0.7,1.8,1.1,0.0,2.70785e-07,1.37807e-06,2.18469e-06,0.270785,1.37807,2.1846900000000002,0.7,1.8,-1.1222,-0.9279999999999947,-1.1129999999999631
0.71,1.8,1.09,0.0,2.59969e-07,1.36943e-06,2.17432e-06,0.259969,1.36943,2.17432,0.71,1.8,-1.0815999999999983,-0.8639999999999973,-1.0370000000000426
0.72,1.8,1.08,0.0,2.49679e-07,1.36162e-06,2.16495e-06,0.249679,1.3616199999999998,2.1649499999999997,0.72,1.8,-1.0289999999999984,-0.7810000000000088,-0.9370000000000093
0.73,1.8,1.07,0.0,2.40046e-07,1.35481e-06,2.15679e-06,0.24004599999999998,1.35481,2.15679,0.73,1.8,-0.9633000000000022,-0.6809999999999755,-0.8159999999999715
0.74,1.8,1.06,0.0,2.31208e-07,1.34922e-06,2.15012e-06,0.231208,1.34922,2.1501200000000003,0.74,1.8,-0.8837999999999977,-0.5589999999999979,-0.6669999999999726
0.75,1.8,1.05,0.0,2.23315e-07,1.34507e-06,2.1452e-06,0.223315,1.34507,2.1452,0.75,1.8,-0.7892999999999977,-0.4150000000000094,-0.4920000000000253
0.76,1.8,1.04,0.0,2.16524e-07,1.34257e-06,2.14232e-06,0.216524,1.34257,2.14232,0.76,1.8,-0.6791000000000014,-0.24999999999999445,-0.2880000000000213
0.77,1.8,1.03,0.0,2.11002e-07,1.342e-06,2.14182e-06,0.211002,1.342,2.14182,0.77,1.8,-0.5521999999999995,-0.056999999999995894,-0.04999999999997225
0.78,1.8,1.02,0.0,2.06922e-07,1.34359e-06,2.14401e-06,0.206922,1.34359,2.14401,0.78,1.8,-0.40799999999999964,0.1589999999999979,0.21900000000001343
0.79,1.8,1.01,0.0,2.04461e-07,1.34764e-06,2.14926e-06,0.204461,1.3476400000000002,2.14926,0.79,1.8,-0.24609999999999888,0.4050000000000106,0.524999999999975
0.8,1.8,1.0,0.0,2.03813e-07,1.35441e-06,2.15792e-06,0.203813,1.35441,2.15792,0.8,1.8,-0.06480000000000091,0.6769999999999715,0.8659999999999882
0.81,1.8,0.99,0.0,2.05168e-07,1.36422e-06,2.17039e-06,0.205168,1.36422,2.1703900000000003,0.81,1.8,0.1354999999999994,0.9810000000000088,1.2470000000000414
0.82,1.8,0.98,0.0,2.0873e-07,1.37735e-06,2.18708e-06,0.20873,1.37735,2.18708,0.8200000000000001,1.8,0.3562000000000006,1.3130000000000075,1.6689999999999634
0.83,1.8,0.97,0.0,2.14708e-07,1.39415e-06,2.2084e-06,0.21470799999999998,1.39415,2.2083999999999997,0.8300000000000001,1.8,0.5977999999999978,1.679999999999991,2.1319999999999766
0.84,1.8,0.96,0.0,2.23326e-07,1.41494e-06,2.23479e-06,0.223326,1.41494,2.23479,0.8400000000000001,1.8,0.8618000000000007,2.079000000000007,2.6390000000000113
0.85,1.8,0.95,0.0,2.34822e-07,1.44007e-06,2.26675e-06,0.234822,1.44007,2.26675,0.8500000000000001,1.8,1.1495999999999995,2.5129999999999852,3.1960000000000184
0.86,1.8,0.94,0.0,2.49455e-07,1.46994e-06,2.30477e-06,0.24945499999999998,1.46994,2.30477,0.8600000000000001,1.8,1.4632999999999967,2.9870000000000037,3.8019999999999907
0.87,1.8,0.93,0.0,2.67512e-07,1.50495e-06,2.34941e-06,0.26751199999999997,1.50495,2.34941,0.87,1.8,1.8057000000000174,3.5010000000000345,4.464000000000069
0.88,1.8,0.92,0.0,2.89314e-07,1.54556e-06,2.40127e-06,0.289314,1.54556,2.40127,0.88,1.8,2.1802000000000024,4.061,5.185999999999953
0.89,1.8,0.91,0.0,3.15225e-07,1.5923e-06,2.46104e-06,0.31522500000000003,1.5923,2.46104,0.89,1.8,2.5910999999999995,4.673999999999996,5.977000000000027
0.9,1.8,0.9,0.0,3.45666e-07,1.64575e-06,2.52948e-06,0.345666,1.64575,2.52948,0.9,1.8,3.0440999999999914,5.344999999999995,6.843999999999977
0.91,1.8,0.89,0.0,3.81121e-07,1.70659e-06,2.60747e-06,0.381121,1.70659,2.60747,0.91,1.8,3.5454999999999983,6.083999999999995,7.7990000000000155
0.92,1.8,0.88,0.0,4.2215e-07,1.77562e-06,2.69602e-06,0.42215,1.77562,2.69602,0.92,1.8,4.1029,6.902999999999986,8.854999999999961
0.93,1.8,0.87,0.0,4.69397e-07,1.85375e-06,2.79631e-06,0.46939699999999995,1.85375,2.79631,0.93,1.8,4.724699999999989,7.812999999999996,10.029000000000012
0.94,1.8,0.86,0.0,5.23598e-07,1.94205e-06,2.90971e-06,0.523598,1.9420499999999998,2.90971,0.9400000000000001,1.8,5.420100000000001,8.829999999999975,11.339999999999984
0.95,1.8,0.85,0.0,5.85588e-07,2.04175e-06,3.0378e-06,0.585588,2.04175,3.0378,0.9500000000000001,1.8,6.198999999999994,9.970000000000004,12.80899999999997
0.96,1.8,0.84,0.0,6.56284e-07,2.15425e-06,3.18237e-06,0.656284,2.15425,3.1823699999999997,0.9600000000000001,1.8,7.0695999999999914,11.250000000000016,14.456999999999974
0.97,1.8,0.83,0.0,7.36666e-07,2.2811e-06,3.34515e-06,0.7366659999999999,2.2811,3.34515,0.9700000000000001,1.8,8.038199999999987,12.684999999999958,16.278
0.98,1.8,0.82,0.0,8.2789e-07,2.4241e-06,3.52917e-06,0.82789,2.4240999999999997,3.52917,0.9800000000000001,1.8,9.1224,14.299999999999967,18.40200000000001
0.99,1.8,0.81,0.0,9.31067e-07,2.58511e-06,3.73664e-06,0.931067,2.58511,3.7366400000000004,0.99,1.8,10.317700000000102,16.101000000000173,20.747000000000238
1.0,1.8,0.8,0.0,1.04738e-06,2.76615e-06,3.97038e-06,1.04738,2.76615,3.9703799999999996,1.0,1.8,11.631299999999989,18.104000000000013,23.373999999999896
1.01,1.8,0.79,0.0,1.178e-06,2.96934e-06,4.23338e-06,1.178,2.96934,4.23338,1.01,1.8,13.061999999999983,20.318999999999956,26.300000000000054
1.02,1.8,0.78,0.0,1.32412e-06,3.19681e-06,4.52882e-06,1.3241200000000002,3.1968099999999997,4.5288200000000005,1.02,1.8,14.612000000000013,22.746999999999964,29.54399999999999
1.03,1.8,0.77,0.0,1.48685e-06,3.45071e-06,4.85993e-06,1.48685,3.45071,4.85993,1.03,1.8,16.272999999999968,25.39,33.11099999999995
1.04,1.8,0.76,0.0,1.66725e-06,3.73313e-06,5.22999e-06,1.66725,3.73313,5.22999,1.04,1.8,18.039999999999974,28.241999999999987,37.00599999999993
1.05,1.8,0.75,0.0,1.86629e-06,4.04605e-06,5.64224e-06,1.86629,4.04605,5.64224,1.05,1.8,19.903999999999993,31.29199999999998,41.22499999999999
1.06,1.8,0.74,0.0,2.08485e-06,4.39133e-06,6.09979e-06,2.08485,4.39133,6.09979,1.06,1.8,21.855999999999966,34.52799999999995,45.7549999999999
1.07,1.8,0.73,0.0,2.32368e-06,4.77062e-06,6.60558e-06,2.32368,4.77062,6.60558,1.07,1.8,23.88299999999999,37.92899999999998,50.57899999999997
1.08,1.8,0.72,0.0,2.58342e-06,5.18541e-06,7.1623e-06,2.58342,5.18541,7.1623,1.08,1.8,25.973999999999965,41.478999999999964,55.67199999999998
1.09,1.8,0.71,0.0,2.86462e-06,5.63697e-06,7.77239e-06,2.8646200000000004,5.63697,7.77239,1.09,1.8,28.12000000000003,45.155999999999935,61.0089999999999
1.1,1.8,0.7,0.0,3.1677e-06,6.12637e-06,8.43798e-06,3.1677,6.12637,8.43798,1.1,1.8,30.30799999999993,48.93999999999994,66.55899999999993
1.11,1.8,0.69,0.0,3.493e-06,6.65448e-06,9.16088e-06,3.493,6.6544799999999995,9.160879999999999,1.11,1.8,32.529999999999966,52.810999999999936,72.28999999999985
1.12,1.8,0.68,0.0,3.84075e-06,7.22199e-06,9.9426e-06,3.8407499999999994,7.22199,9.9426,1.12,1.8,34.77499999999993,56.75099999999999,78.17200000000011
1.13,1.8,0.67,0.0,4.21114e-06,7.8294e-06,1.07843e-05,4.211139999999999,7.8294,10.7843,1.13,1.8,37.03900000000079,60.74100000000127,84.17000000000174
1.14,1.8,0.66,0.0,4.60426e-06,8.4771e-06,1.16871e-05,4.60426,8.4771,11.687100000000001,1.1400000000000001,1.8,39.31199999999915,64.76999999999855,90.27999999999801
1.15,1.8,0.65,0.0,5.02016e-06,9.16531e-06,1.26514e-05,5.020160000000001,9.16531,12.6514,1.15,1.8,41.59000000000095,68.82100000000145,96.43000000000202
1.16,1.8,0.64,0.0,5.45779e-06,9.89329e-06,1.36776e-05,5.45779,9.89329,13.6776,1.1600000000000001,1.8,43.76299999999894,72.79799999999837,102.61999999999756
1.17,1.8,0.63,0.0,5.91923e-06,1.06628e-05,1.47664e-05,5.919230000000001,10.6628,14.766399999999999,1.17,1.8,46.144000000001036,76.95100000000167,108.88000000000223
1.18,1.8,0.62,0.0,6.4034e-06,1.14731e-05,1.59177e-05,6.4034,11.4731,15.917699999999998,1.1800000000000002,1.8,48.41699999999886,81.02999999999811,115.12999999999725
1.19,1.8,0.61,0.0,6.9102e-06,1.23239e-05,1.71315e-05,6.910200000000001,12.3239,17.1315,1.19,1.8,50.680000000001094,85.08000000000177,121.38000000000268
1.2,1.8,0.6,0.0,7.43955e-06,1.32151e-05,1.84075e-05,7.43955,13.2151,18.4075,1.2000000000000002,1.8,52.93499999999869,89.1199999999979,127.59999999999704
1.21,1.8,0.59,0.0,7.99135e-06,1.41467e-05,1.97456e-05,7.99135,14.1467,19.7456,1.21,1.8,55.180000000001186,93.16000000000194,133.81000000000293
1.22,1.8,0.58,0.0,8.56548e-06,1.51183e-05,2.11456e-05,8.565479999999999,15.118300000000001,21.145599999999998,1.2200000000000002,1.8,57.41299999999861,97.15999999999798,139.99999999999662
1.23,1.8,0.57,0.0,9.16185e-06,1.613e-05,2.26069e-05,9.16185,16.13,22.6069,1.23,1.8,59.6370000000013,101.17000000000192,146.13000000000326
1.24,1.8,0.56,0.0,9.78134e-06,1.71839e-05,2.41318e-05,9.78134,17.1839,24.131800000000002,1.24,1.8,61.94900000000002,105.39000000000013,152.4900000000001
1.25,1.8,0.55,0.0,1.04218e-05,1.82748e-05,2.5715e-05,10.421800000000001,18.2748,25.715,1.25,1.8,64.04600000000003,109.08999999999968,158.31999999999965
1.26,1.8,0.54,0.0,1.10842e-05,1.94049e-05,2.73584e-05,11.0842,19.4049,27.3584,1.26,1.8,66.23999999999975,113.01000000000013,164.33999999999983
1.27,1.8,0.53,0.0,1.17684e-05,2.05742e-05,2.90618e-05,11.768400000000002,20.5742,29.0618,1.27,1.8,68.42000000000017,116.92999999999988,170.34000000000006
1.28,1.8,0.52,0.0,1.24742e-05,2.17823e-05,3.08246e-05,12.4742,21.7823,30.824600000000004,1.28,1.8,70.57999999999976,120.8099999999997,176.28000000000006
1.29,1.8,0.51,0.0,1.32017e-05,2.30292e-05,3.26464e-05,13.201699999999999,23.0292,32.6464,1.29,1.8,72.74999999999984,124.6899999999999,182.17999999999944
1.3,1.8,0.5,0.0,1.39505e-05,2.43145e-05,3.45268e-05,13.9505,24.3145,34.5268,1.3,1.8,74.88000000000004,128.52999999999983,188.04
1.31,1.8,0.49,0.0,1.47208e-05,2.56381e-05,3.64654e-05,14.7208,25.6381,36.465399999999995,1.31,1.8,77.03,132.36000000000013,193.85999999999922
1.32,1.8,0.48,0.0,1.55123e-05,2.69998e-05,3.84619e-05,15.5123,26.999799999999997,38.4619,1.32,1.8,79.14999999999985,136.16999999999942,199.6500000000003
1.33,1.8,0.47,0.0,1.6325e-05,2.83993e-05,4.05157e-05,16.325,28.3993,40.5157,1.33,1.8,81.26999999999988,139.95000000000022,205.38000000000008
1.34,1.8,0.46,0.0,1.71587e-05,2.98366e-05,4.26266e-05,17.1587,29.8366,42.6266,1.34,1.8,83.36999999999996,143.72999999999993,211.0899999999999
1.35,1.8,0.45,0.0,1.80134e-05,3.13114e-05,4.47942e-05,18.0134,31.3114,44.7942,1.35,1.8,85.47000000000004,147.4799999999997,216.7599999999991
1.36,1.8,0.44,0.0,1.8889e-05,3.28235e-05,4.7018e-05,18.889000000000003,32.8235,47.018,1.36,1.8,87.56000000000014,151.21000000000024,222.38000000000022
1.37,1.8,0.43,0.0,1.97853e-05,3.43728e-05,4.92977e-05,19.7853,34.3728,49.2977,1.37,1.8,89.62999999999957,154.92999999999938,227.96999999999963
1.38,1.8,0.42,0.0,2.07024e-05,3.5959e-05,5.16329e-05,20.7024,35.958999999999996,51.6329,1.3800000000000001,1.8,91.71000000000005,158.61999999999966,233.51999999999984
1.39,1.8,0.41,0.0,2.164e-05,3.7582e-05,5.40234e-05,21.64,37.582,54.0234,1.3900000000000001,1.8,93.75999999999989,162.30000000000032,239.0500000000001
1.4,1.8,0.4,0.0,2.25981e-05,3.92416e-05,5.64687e-05,22.5981,39.2416,56.4687,1.4,1.8,95.81000000000186,165.96000000000328,244.5300000000048
1.41,1.8,0.39,0.0,2.35765e-05,4.09376e-05,5.89685e-05,23.5765,40.937599999999996,58.968500000000006,1.4100000000000001,1.8,97.8399999999978,169.59999999999587,249.979999999995
1.42,1.8,0.38,0.0,2.45753e-05,4.26698e-05,6.15224e-05,24.575300000000002,42.6698,61.5224,1.42,1.8,99.88000000000241,173.2200000000043,255.39000000000462
1.43,1.8,0.37,0.0,2.55943e-05,4.44381e-05,6.41301e-05,25.5943,44.4381,64.1301,1.4300000000000002,1.8,101.89999999999748,176.82999999999555,260.7699999999941
1.44,1.8,0.36,0.0,2.66333e-05,4.62422e-05,6.67913e-05,26.633300000000002,46.242200000000004,66.79129999999999,1.44,1.8,103.90000000000236,180.41000000000437,266.12000000000506
1.45,1.8,0.35,0.0,2.76923e-05,4.8082e-05,6.95056e-05,27.6923,48.082,69.50559999999999,1.4500000000000002,1.8,105.8999999999973,183.97999999999544,271.4299999999932
1.46,1.8,0.34,0.0,2.87713e-05,4.99572e-05,7.22726e-05,28.7713,49.95719999999999,72.2726,1.46,1.8,107.90000000000236,187.52000000000325,276.7000000000069
1.47,1.8,0.33,0.0,2.987e-05,5.18677e-05,7.50921e-05,29.87,51.8677,75.0921,1.47,1.8,109.86999999999999,191.05000000000044,281.9500000000003
1.48,1.8,0.32,0.0,3.09884e-05,5.38133e-05,7.79637e-05,30.988400000000002,53.813300000000005,77.96369999999999,1.48,1.8,111.84000000000002,194.56000000000043,287.15999999999843
1.49,1.8,0.31,0.0,3.21255e-05,5.57911e-05,8.08828e-05,32.1255,55.7911,80.8828,1.49,1.8,113.70999999999992,197.77999999999932,291.91000000000116
1.5,1.8,0.3,0.0,3.3283e-05,5.78063e-05,8.38576e-05,33.283,57.8063,83.85759999999999,1.5,1.8,115.74999999999979,201.51999999999984,297.4799999999985
1.51,1.8,0.29,0.0,3.44598e-05,5.9856e-05,8.68835e-05,34.4598,59.855999999999995,86.8835,1.51,1.8,117.67999999999991,204.96999999999926,302.59000000000043
1.52,1.8,0.28,0.0,3.56559e-05,6.19399e-05,8.99602e-05,35.655899999999995,61.9399,89.9602,1.52,1.8,119.60999999999932,208.3900000000005,307.66999999999996
1.53,1.8,0.27,0.0,3.68711e-05,6.40578e-05,9.30872e-05,36.8711,64.0578,93.0872,1.53,1.8,121.52000000000018,211.78999999999968,312.69999999999925
1.54,1.8,0.26,0.0,3.81053e-05,6.62096e-05,9.62642e-05,38.1053,66.20960000000001,96.2642,1.54,1.8,123.42000000000002,215.18000000000066,317.7000000000004
1.55,1.8,0.25,0.0,3.93584e-05,6.8395e-05,9.94908e-05,39.358399999999996,68.395,99.4908,1.55,1.8,125.30999999999952,218.5399999999985,322.6599999999988
1.56,1.8,0.24,0.0,4.06302e-05,7.06137e-05,0.000102767,40.6302,70.61370000000001,102.767,1.56,1.8,127.18000000000049,221.87000000000106,327.62
1.57,1.8,0.23,0.0,4.19207e-05,7.28657e-05,0.000106092,41.9207,72.86569999999999,106.092,1.57,1.8,129.04999999999933,225.1999999999979,332.5
1.58,1.8,0.22,0.0,4.32298e-05,7.51505e-05,0.000109465,43.2298,75.15050000000001,109.465,1.58,1.8,130.90999999999997,228.48000000000164,337.3000000000002
1.59,1.8,0.21,0.0,4.45573e-05,7.74681e-05,0.000112887,44.5573,77.4681,112.887,1.59,1.8,132.74999999999994,231.75999999999968,342.1999999999994
1.6,1.8,0.2,0.0,4.5903e-05,7.98181e-05,0.000116357,45.903,79.81809999999999,116.357,1.6,1.8,134.56999999999996,234.9999999999978,346.9999999999996
1.61,1.8,0.19,0.0,4.7267e-05,8.22004e-05,0.000119874,47.267,82.2004,119.874,1.61,1.8,136.40000000000032,238.2300000000013,351.6999999999993
1.62,1.8,0.18,0.0,4.86489e-05,8.46147e-05,0.000123438,48.6489,84.6147,123.43799999999999,1.62,1.8,138.18999999999934,241.4299999999995,356.39999999999895
1.63,1.8,0.17,0.0,5.00488e-05,8.70608e-05,0.000127049,50.0488,87.0608,127.049,1.6300000000000001,1.8,139.99000000000012,244.6099999999999,361.1000000000015
1.64,1.8,0.16,0.0,5.14664e-05,8.95383e-05,0.000130707,51.4664,89.5383,130.707,1.6400000000000001,1.8,141.7599999999999,247.7500000000004,365.79999999999836
1.65,1.8,0.15,0.0,5.29017e-05,9.20472e-05,0.00013441,52.901700000000005,92.04719999999999,134.41,1.6500000000000001,1.8,143.5300000000004,250.88999999999805,370.29999999999995
1.66,1.8,0.14,0.0,5.43545e-05,9.45871e-05,0.00013816,54.3545,94.5871,138.16,1.6600000000000001,1.8,145.2799999999995,253.9900000000015,374.99999999999966
1.67,1.8,0.13,0.0,5.58247e-05,9.71577e-05,0.000141954,55.8247,97.1577,141.95399999999998,1.67,1.8,147.02000000000297,257.06000000000535,379.40000000000634
1.68,1.8,0.12,0.0,5.73122e-05,9.97589e-05,0.000145794,57.312200000000004,99.7589,145.794,1.6800000000000002,1.8,148.749999999997,260.1199999999931,383.9999999999943
1.69,1.8,0.11,0.0,5.88167e-05,0.00010239,0.000149678,58.816700000000004,102.39,149.67800000000003,1.69,1.8,150.45000000000323,263.110000000006,388.40000000000975
1.7,1.8,0.1,0.0,6.03382e-05,0.000105052,0.000153606,60.3382,105.05199999999999,153.606,1.7,1.8,152.14999999999947,266.19999999999897,392.79999999999654
1.71,1.8,0.09,0.0,6.18765e-05,0.000107743,0.000157578,61.87649999999999,107.743,157.57799999999997,1.71,1.8,153.8299999999991,269.1,397.19999999999766
1.72,1.8,0.08,0.0,6.34315e-05,0.000110464,0.000161593,63.43150000000001,110.464,161.593,1.72,1.8,155.50000000000125,272.10000000000014,401.50000000000114
1.73,1.8,0.07,0.0,6.50031e-05,0.000113213,0.000165651,65.00309999999999,113.21300000000001,165.651,1.73,1.8,157.1599999999981,274.9000000000007,405.8000000000018
1.74,1.8,0.06,0.0,6.65911e-05,0.000115992,0.000169752,66.5911,115.99199999999999,169.752,1.74,1.8,158.80000000000067,277.899999999998,410.09999999999957
1.75,1.8,0.05,0.0,6.81953e-05,0.0001188,0.000173895,68.1953,118.8,173.895,1.75,1.8,160.42000000000044,280.80000000000047,414.2999999999997
1.76,1.8,0.04,0.0,6.98156e-05,0.000121636,0.00017808,69.81559999999999,121.636,178.08,1.76,1.8,162.02999999999847,283.5999999999996,418.49999999999983
1.77,1.8,0.03,0.0,7.14519e-05,0.0001245,0.000182307,71.4519,124.49999999999999,182.307,1.77,1.8,163.63000000000042,286.3999999999988,422.69999999999715
1.78,1.8,0.02,0.0,7.31041e-05,0.000127392,0.000186574,73.1041,127.392,186.574,1.78,1.8,165.22000000000062,289.2000000000007,426.70000000000203
1.79,1.8,0.01,0.0,7.47719e-05,0.000130311,0.000190883,74.7719,130.311,190.883,1.79,1.8,166.77999999999983,291.90000000000083,430.89999999999935
1.8,1.8,-1.33227e-15,0.0,7.64552e-05,0.000133258,0.000195231,76.4552,133.258,195.231,1.8000000000000014,1.8,168.3299999999777,294.69999999996077,434.79999999994016
